\BOOKMARK [0][-]{chapter.1}{Apresenta\347\343o}{}% 1
\BOOKMARK [1][-]{section.1.1}{Identifica\347\343o do Curso}{chapter.1}% 2
\BOOKMARK [1][-]{section.1.2}{Elabora\347\343o do Projeto de Curso}{chapter.1}% 3
\BOOKMARK [0][-]{chapter.2}{Introdu\347\343o}{}% 4
\BOOKMARK [1][-]{section.2.1}{Justificativa}{chapter.2}% 5
\BOOKMARK [2][-]{subsection.2.1.1}{Caracter\355sticas sociecon\364micas do munic\355pio de Formosa}{section.2.1}% 6
\BOOKMARK [1][-]{section.2.2}{P\372blico Alvo}{chapter.2}% 7
\BOOKMARK [1][-]{section.2.3}{Objetivos}{chapter.2}% 8
\BOOKMARK [2][-]{subsection.2.3.1}{Objetivo Geral}{section.2.3}% 9
\BOOKMARK [2][-]{subsection.2.3.2}{Objetivos Espec\355ficos}{section.2.3}% 10
\BOOKMARK [1][-]{section.2.4}{Perfil do Egresso}{chapter.2}% 11
\BOOKMARK [0][-]{chapter.3}{Organiza\347\343o do Curso}{}% 12
\BOOKMARK [1][-]{section.3.1}{Requisitos para Acesso ao Curso}{chapter.3}% 13
\BOOKMARK [1][-]{section.3.2}{Forma de Oferta}{chapter.3}% 14
\BOOKMARK [1][-]{section.3.3}{Metodologia de Ensino-Aprendizagem}{chapter.3}% 15
\BOOKMARK [1][-]{section.3.4}{Matriz Curricular}{chapter.3}% 16
\BOOKMARK [1][-]{section.3.5}{Certifica\347\343o}{chapter.3}% 17
\BOOKMARK [0][-]{chapter.4}{Ementas}{}% 18
\BOOKMARK [1][-]{section.4.1}{Algoritmos}{chapter.4}% 19
\BOOKMARK [1][-]{section.4.2}{Fundamentos da Computa\347\343o}{chapter.4}% 20
\BOOKMARK [1][-]{section.4.3}{Matem\341tica}{chapter.4}% 21
\BOOKMARK [1][-]{section.4.4}{Leitura e Produ\347\343o de Textos}{chapter.4}% 22
\BOOKMARK [1][-]{section.4.5}{Leitura e Produ\347\343o de Textos em Ingl\352s}{chapter.4}% 23
\BOOKMARK [1][-]{section.4.6}{Fundamentos de Sistemas Operacionais}{chapter.4}% 24
\BOOKMARK [1][-]{section.4.7}{Fundamentos de Bancos de Dados}{chapter.4}% 25
\BOOKMARK [1][-]{section.4.8}{Arquitetura e Desenho de Software}{chapter.4}% 26
\BOOKMARK [1][-]{section.4.9}{Estruturas de Dados}{chapter.4}% 27
\BOOKMARK [1][-]{section.4.10}{Introdu\347\343o \340 Algebra Linear}{chapter.4}% 28
\BOOKMARK [1][-]{section.4.11}{Programa\347\343o Orientada a Objetos}{chapter.4}% 29
\BOOKMARK [1][-]{section.4.12}{Big Data e Bancos de Dados NoSQL}{chapter.4}% 30
\BOOKMARK [1][-]{section.4.13}{Fundamentos de Engenharia de Requisitos}{chapter.4}% 31
\BOOKMARK [1][-]{section.4.14}{Redes de Computadores}{chapter.4}% 32
\BOOKMARK [1][-]{section.4.15}{Verifica\347\343o, Valida\347\343o e Teste de Software}{chapter.4}% 33
\BOOKMARK [1][-]{section.4.16}{Ambiente e Sociedade}{chapter.4}% 34
\BOOKMARK [1][-]{section.4.17}{Projeto Ambiental}{chapter.4}% 35
\BOOKMARK [1][-]{section.4.18}{Programa\347\343o para a Web I}{chapter.4}% 36
\BOOKMARK [1][-]{section.4.19}{Intera\347\343o Humano-Computador}{chapter.4}% 37
\BOOKMARK [1][-]{section.4.20}{Administra\347\343o de Servi\347os para a Internet}{chapter.4}% 38
\BOOKMARK [1][-]{section.4.21}{Introdu\347\343o \340 Probabilidade e Estat\355stica}{chapter.4}% 39
\BOOKMARK [1][-]{section.4.22}{Rela\347\365es \311tnico-Raciais}{chapter.4}% 40
\BOOKMARK [1][-]{section.4.23}{Projeto Social}{chapter.4}% 41
\BOOKMARK [1][-]{section.4.24}{Programa\347\343o para a Web II}{chapter.4}% 42
\BOOKMARK [1][-]{section.4.25}{Metodologias da Pesquisa e do Desenvolvimento de Software}{chapter.4}% 43
\BOOKMARK [1][-]{section.4.26}{LIBRAS}{chapter.4}% 44
\BOOKMARK [1][-]{section.4.27}{\311tica e Legisla\347\343o}{chapter.4}% 45
\BOOKMARK [1][-]{section.4.28}{Sistemas Distribu\355dos}{chapter.4}% 46
\BOOKMARK [1][-]{section.4.29}{Laborat\363rio de An\341lise e Desenvolvimento de Software}{chapter.4}% 47
\BOOKMARK [1][-]{section.4.30}{Fundamentos de Intelig\352ncia Artificial}{chapter.4}% 48
\BOOKMARK [1][-]{section.4.31}{Seguran\347a da Informa\347\343o}{chapter.4}% 49
\BOOKMARK [1][-]{section.4.32}{Empreendedorismo Digital}{chapter.4}% 50
\BOOKMARK [1][-]{section.4.33}{Fundamentos de Ci\352ncia de Dados}{chapter.4}% 51
\BOOKMARK [1][-]{section.4.34}{Visualiza\347\343o de Dados e Storytelling}{chapter.4}% 52
\BOOKMARK [1][-]{section.4.35}{Componente Curricular Eletivo}{chapter.4}% 53
\BOOKMARK [1][-]{section.4.36}{Componentes Curriculares Eletivos}{chapter.4}% 54
\BOOKMARK [1][-]{section.4.37}{Governan\347a e Ger\352ncia de Projetos de Tecnologia da Informa\347\343o}{chapter.4}% 55
\BOOKMARK [0][-]{chapter.5}{Estrutura F\355sica}{}% 56
\BOOKMARK [1][-]{section.5.1}{Laborat\363rios de Inform\341tica}{chapter.5}% 57
\BOOKMARK [1][-]{section.5.2}{Laborat\363rio de Fisiologia Vegetal}{chapter.5}% 58
\BOOKMARK [1][-]{section.5.3}{Laborat\363rio de Bioq\355mica}{chapter.5}% 59
\BOOKMARK [1][-]{section.5.4}{Laborat\363rio de Anatomia e Zoologia}{chapter.5}% 60
\BOOKMARK [1][-]{section.5.5}{Laborat\363rio de Microscopia e Microbiologia}{chapter.5}% 61
\BOOKMARK [1][-]{section.5.6}{Laborat\363rio de F\355sico-Qu\355mica}{chapter.5}% 62
\BOOKMARK [1][-]{section.5.7}{Laborat\363rio de \301guas Residuais}{chapter.5}% 63
\BOOKMARK [1][-]{section.5.8}{Laborat\363rio de Ensino}{chapter.5}% 64
\BOOKMARK [1][-]{section.5.9}{Laborat\363rio de F\355sica e Matem\341tica}{chapter.5}% 65
\BOOKMARK [1][-]{section.5.10}{Biblioteca}{chapter.5}% 66
\BOOKMARK [1][-]{section.5.11}{Teatro}{chapter.5}% 67
\BOOKMARK [1][-]{section.5.12}{Outros Espa\347os}{chapter.5}% 68
\BOOKMARK [0][-]{chapter.6}{Corpo Docente}{}% 69
\BOOKMARK [1][-]{section.6.1}{Vin\355cius Gomes}{chapter.6}% 70
\BOOKMARK [1][-]{section.6.2}{Waldeyr Mendes Cordeiro da Silva}{chapter.6}% 71
\BOOKMARK [0][-]{chapter.7}{Anexos}{}% 72
\BOOKMARK [1][-]{section.7.1}{Compatibilidade com a Matriz Curricular Anterior}{chapter.7}% 73
